Norme: ./srcs/free.c
Norme: ./srcs/errors2.c
Norme: ./srcs/bltin_export.c
Error (line 149): line has 87 characters
Norme: ./srcs/utils2.c
Norme: ./srcs/bltin_exit.c
Error: global scope bad aligned
Error (line 38): function ft_atol_check has 28 lines
Error (line 56, col 51): space before )
Error (line 64): C++ comment
Error (line 65): line has 88 characters
Error (line 86): spaces at the end of line
Error (line 86): bad indentation
Norme: ./srcs/cmd_parser_1.c
Norme: ./srcs/errors.c
Norme: ./srcs/bltin_echo.c
Norme: ./srcs/errors3.c
Norme: ./srcs/exec_cmd.c
Error (line 111): function ft_exec_cmd has 26 lines
Error (line 121): C++ comment
Error (line 122): C++ comment
Error (line 123): C++ comment
Error (line 125): C++ comment
Error (line 126): C++ comment
Norme: ./srcs/utils.c
Norme: ./srcs/bltin_pwd.c
Norme: ./srcs/cmd_parser_2.c
Norme: ./srcs/bltin_env.c
Norme: ./srcs/redirections.c
Norme: ./srcs/dollar2.c
Error (line 31): function ft_gros_bordel has 31 lines
Norme: ./srcs/minishell.c
Error: 6 functions in the file
Error (line 27): function signal_handler has 26 lines
Error (line 57): function print_lst has 36 lines
Error (line 57): declarations in print_lst are bad aligned
Error (line 59, col 5): i is instanciated during declaration
Error (line 69): Empty line
Error (line 79, col 2): missing space after while
Error (line 81): line has 99 characters
Error (line 84): line has 87 characters
Error (line 89): line has 90 characters
Error (line 126): function main has 33 lines
Norme: ./srcs/bltin_cd.c
Error (line 66): function ft_exec_cd has 28 lines
Norme: ./srcs/env2.c
Norme: ./srcs/env.c
Norme: ./srcs/lexing.c
Error (line 96): line has 102 characters
Error (line 130): line has 102 characters
Error (line 136): line has 84 characters
Norme: ./srcs/bltin_unset.c
Norme: ./srcs/cmd_add_rdir.c
Norme: ./srcs/shlvl.c
Norme: ./srcs/utils3.c
Norme: ./srcs/exit.c
Norme: ./srcs/get_static.c
Norme: ./srcs/quit.c
Norme: ./srcs/line_handle.c
Norme: ./srcs/exec_external.c
Norme: ./srcs/dollar.c
Error (line 15): function has_dollar has 29 lines
Error (line 90): function dollar_to_env has 42 lines
Error (line 90, col 0): dollar_to_env has 6 variables
Error (line 119): line has 101 characters
Norme: ./srcs/brackets.c
Error (line 48): function ft_arg_cleaner has 44 lines
Error (line 71): line has 94 characters
